<?xml version="1.0" encoding="UTF-8"?>
<!-- Generated by org.testng.reporters.JUnitReportReporter -->
<testsuite hostname="DESKTOP-LC027P8" failures="0" tests="4" name="IncubyteTest.StringCalculatorTest" time="0.017" errors="0" timestamp="2021-10-17T16:24:12 IST" skipped="0">
  <testcase classname="IncubyteTest.StringCalculatorTest" name="emptystringshouldreturnZero" time="0.002"/>
  <system-out/>
  <testcase classname="IncubyteTest.StringCalculatorTest" name="ReturnSingleValue" time="0.002"/>
  <system-out/>
  <testcase classname="IncubyteTest.StringCalculatorTest" name="DelimitedInTwoNoCommaReturnSum" time="0.011"/>
  <system-out/>
  <testcase classname="IncubyteTest.StringCalculatorTest" name="twoNumbersNewLineDelimitedReturnSum" time="0.002"/>
  <system-out/>
</testsuite> <!-- IncubyteTest.StringCalculatorTest -->
