<?xml version="1.0" encoding="UTF-8"?>
<!-- Generated by org.testng.reporters.JUnitReportReporter -->
<testsuite hostname="DESKTOP-LC027P8" failures="0" tests="1" name="IncubyteTest.StringCalculatorTest" time="0.016" errors="0" timestamp="2021-10-17T16:09:44 IST" skipped="0">
  <testcase classname="IncubyteTest.StringCalculatorTest" name="ReturnSingleValue" time="0.016"/>
  <system-out/>
</testsuite> <!-- IncubyteTest.StringCalculatorTest -->
