<?xml version="1.0" encoding="UTF-8"?>
<!-- Generated by org.testng.reporters.JUnitReportReporter -->
<testsuite hostname="DESKTOP-LC027P8" failures="0" tests="1" name="IncubyteTest.StringCalculatorTest" time="0.009" errors="0" timestamp="2021-10-17T15:53:19 IST" skipped="0">
  <testcase classname="IncubyteTest.StringCalculatorTest" name="emptystringshouldreturnZero" time="0.009"/>
  <system-out/>
</testsuite> <!-- IncubyteTest.StringCalculatorTest -->
