<?xml version="1.0" encoding="UTF-8"?>
<!-- Generated by org.testng.reporters.JUnitReportReporter -->
<testsuite hostname="DESKTOP-LC027P8" failures="0" tests="1" name="IncubyteTest.StringCalculatorTest" time="0.007" errors="0" timestamp="2021-10-17T16:49:01 IST" skipped="0">
  <testcase classname="IncubyteTest.StringCalculatorTest" name="negativeInputReturnsException" time="0.007"/>
  <system-out/>
</testsuite> <!-- IncubyteTest.StringCalculatorTest -->
