<?xml version="1.0" encoding="UTF-8"?>
<!-- Generated by org.testng.reporters.JUnitReportReporter -->
<testsuite hostname="DESKTOP-LC027P8" failures="0" tests="6" name="IncubyteTest.StringCalculatorTest" time="0.024" errors="0" timestamp="2021-10-17T16:43:25 IST" skipped="0">
  <testcase classname="IncubyteTest.StringCalculatorTest" name="ReturnSingleValue" time="0.003"/>
  <system-out/>
  <testcase classname="IncubyteTest.StringCalculatorTest" name="emptystringshouldreturnZero" time="0.003"/>
  <system-out/>
  <testcase classname="IncubyteTest.StringCalculatorTest" name="twoNumbersNewLineDelimitedReturnSum" time="0.004"/>
  <system-out/>
  <testcase classname="IncubyteTest.StringCalculatorTest" name="DelimitedInTwoNoCommaReturnSum" time="0.010"/>
  <system-out/>
  <testcase classname="IncubyteTest.StringCalculatorTest" name="DelimitedthreeNumbersBothWayReturnSum" time="0.002"/>
  <system-out/>
  <testcase classname="IncubyteTest.StringCalculatorTest" name="negativeInputReturnsException" time="0.002"/>
  <system-out/>
</testsuite> <!-- IncubyteTest.StringCalculatorTest -->
